Using pre-set license
Built from '2022.1/staging' branch; Version is '2022.1.12f1 (916d9c03b898) revision 9530780'; Using compiler version '192829333'; Build Type 'Release'
OS: 'Windows 10  (10.0.19043) 64bit Professional' Language: 'en' Physical Memory: 16329 MB
BatchMode: 1, IsHumanControllingUs: 0, StartBugReporterOnCrash: 0, Is64bit: 1, IsPro: 1

COMMAND LINE ARGUMENTS:
D:\Unity\Unity\2022.1.12f1\Editor\Unity.exe
-adb2
-batchMode
-noUpm
-name
AssetImportWorker0
-projectPath
E:/Projeler/Simple Runner
-logFile
Logs/AssetImportWorker0.log
-srvPort
49562
Successfully changed project path to: E:/Projeler/Simple Runner
E:/Projeler/Simple Runner
[UnityMemory] Configuration Parameters - Can be set up in boot.config
    "memorysetup-bucket-allocator-granularity=16"
    "memorysetup-bucket-allocator-bucket-count=8"
    "memorysetup-bucket-allocator-block-size=33554432"
    "memorysetup-bucket-allocator-block-count=8"
    "memorysetup-main-allocator-block-size=16777216"
    "memorysetup-thread-allocator-block-size=16777216"
    "memorysetup-gfx-main-allocator-block-size=16777216"
    "memorysetup-gfx-thread-allocator-block-size=16777216"
    "memorysetup-cache-allocator-block-size=4194304"
    "memorysetup-typetree-allocator-block-size=2097152"
    "memorysetup-profiler-bucket-allocator-granularity=16"
    "memorysetup-profiler-bucket-allocator-bucket-count=8"
    "memorysetup-profiler-bucket-allocator-block-size=33554432"
    "memorysetup-profiler-bucket-allocator-block-count=8"
    "memorysetup-profiler-allocator-block-size=16777216"
    "memorysetup-profiler-editor-allocator-block-size=1048576"
    "memorysetup-temp-allocator-size-main=16777216"
    "memorysetup-job-temp-allocator-block-size=2097152"
    "memorysetup-job-temp-allocator-block-size-background=1048576"
    "memorysetup-job-temp-allocator-reduction-small-platforms=262144"
    "memorysetup-temp-allocator-size-background-worker=32768"
    "memorysetup-temp-allocator-size-job-worker=262144"
    "memorysetup-temp-allocator-size-preload-manager=33554432"
    "memorysetup-temp-allocator-size-nav-mesh-worker=65536"
    "memorysetup-temp-allocator-size-audio-worker=65536"
    "memorysetup-temp-allocator-size-cloud-worker=32768"
    "memorysetup-temp-allocator-size-gi-baking-worker=262144"
    "memorysetup-temp-allocator-size-gfx=262144"
Refreshing native plugins compatible for Editor in 131.56 ms, found 3 plugins.
Preloading 0 native plugins for Editor in 0.00 ms.
Initialize engine version: 2022.1.12f1 (916d9c03b898)
[Subsystems] Discovering subsystems at path D:/Unity/Unity/2022.1.12f1/Editor/Data/Resources/UnitySubsystems
[Subsystems] Discovering subsystems at path E:/Projeler/Simple Runner/Assets
GfxDevice: creating device client; threaded=0; jobified=0
Direct3D:
    Version:  Direct3D 11.0 [level 11.1]
    Renderer: NVIDIA GeForce GTX 1060 3GB (ID=0x1c02)
    Vendor:   NVIDIA
    VRAM:     2988 MB
    Driver:   30.0.14.7212
Initialize mono
Mono path[0] = 'D:/Unity/Unity/2022.1.12f1/Editor/Data/Managed'
Mono path[1] = 'D:/Unity/Unity/2022.1.12f1/Editor/Data/MonoBleedingEdge/lib/mono/unityjit-win32'
Mono config path = 'D:/Unity/Unity/2022.1.12f1/Editor/Data/MonoBleedingEdge/etc'
Using monoOptions --debugger-agent=transport=dt_socket,embedding=1,server=y,suspend=n,address=127.0.0.1:56196
Begin MonoManager ReloadAssembly
Registering precompiled unity dll's ...
Register platform support module: D:/Unity/Unity/2022.1.12f1/Editor/Data/PlaybackEngines/WebGLSupport/UnityEditor.WebGL.Extensions.dll
Register platform support module: D:/Unity/Unity/2022.1.12f1/Editor/Data/PlaybackEngines/AndroidPlayer/UnityEditor.Android.Extensions.dll
Register platform support module: D:/Unity/Unity/2022.1.12f1/Editor/Data/PlaybackEngines/iOSSupport/UnityEditor.iOS.Extensions.dll
Register platform support module: D:/Unity/Unity/2022.1.12f1/Editor/Data/PlaybackEngines/WindowsStandaloneSupport/UnityEditor.WindowsStandalone.Extensions.dll
Registered in 0.008979 seconds.
Native extension for WindowsStandalone target not found
[usbmuxd] Start listen thread
[usbmuxd] Listen thread started
Native extension for iOS target not found
Native extension for Android target not found
Native extension for WebGL target not found
Refreshing native plugins compatible for Editor in 120.81 ms, found 3 plugins.
Preloading 0 native plugins for Editor in 0.00 ms.
Mono: successfully reloaded assembly
- Completed reload, in  1.246 seconds
Domain Reload Profiling:
	ReloadAssembly (1247ms)
		BeginReloadAssembly (128ms)
			ExecutionOrderSort (0ms)
			DisableScriptedObjects (0ms)
			BackupInstance (0ms)
			ReleaseScriptingObjects (0ms)
			CreateAndSetChildDomain (1ms)
		EndReloadAssembly (907ms)
			LoadAssemblies (127ms)
			RebuildTransferFunctionScriptingTraits (0ms)
			SetupTypeCache (265ms)
				TypeCache.Initialize (264ms)
					TypeCache.ScanAssembly (262ms)
				ResolveRequiredComponents (1ms)
			ReleaseScriptCaches (0ms)
			RebuildScriptCaches (47ms)
			SetupLoadedEditorAssemblies (510ms)
				LogAssemblyErrors (0ms)
				InitializePlatformSupportModulesInManaged (106ms)
				SetLoadedEditorAssemblies (17ms)
				RefreshPlugins (121ms)
				BeforeProcessingInitializeOnLoad (2ms)
				ProcessInitializeOnLoadAttributes (188ms)
				ProcessInitializeOnLoadMethodAttributes (75ms)
				AfterProcessingInitializeOnLoad (0ms)
				EditorAssembliesLoaded (0ms)
			ExecutionOrderSort2 (0ms)
			AwakeInstancesAfterBackupRestoration (0ms)
Platform modules already initialized, skipping
Registering precompiled user dll's ...
Registered in 0.007551 seconds.
Begin MonoManager ReloadAssembly
Symbol file LoadedFromMemory doesn't match image E:\Projeler\Simple Runner\Library\PackageCache\com.unity.visualscripting@1.7.8\Editor\VisualScripting.Core\Dependencies\YamlDotNet\Unity.VisualScripting.YamlDotNet.dll
Symbol file LoadedFromMemory doesn't match image E:\Projeler\Simple Runner\Library\PackageCache\com.unity.visualscripting@1.7.8\Editor\VisualScripting.Core\Dependencies\DotNetZip\Unity.VisualScripting.IonicZip.dll
Native extension for WindowsStandalone target not found
Native extension for iOS target not found
Native extension for Android target not found
Native extension for WebGL target not found
Refreshing native plugins compatible for Editor in 0.67 ms, found 3 plugins.
Preloading 0 native plugins for Editor in 0.00 ms.
Mono: successfully reloaded assembly
- Completed reload, in  1.528 seconds
Domain Reload Profiling:
	ReloadAssembly (1530ms)
		BeginReloadAssembly (287ms)
			ExecutionOrderSort (0ms)
			DisableScriptedObjects (9ms)
			BackupInstance (0ms)
			ReleaseScriptingObjects (0ms)
			CreateAndSetChildDomain (141ms)
		EndReloadAssembly (1055ms)
			LoadAssemblies (125ms)
			RebuildTransferFunctionScriptingTraits (0ms)
			SetupTypeCache (392ms)
				TypeCache.Initialize (387ms)
					TypeCache.ScanAssembly (382ms)
				ResolveRequiredComponents (5ms)
			ReleaseScriptCaches (1ms)
			RebuildScriptCaches (60ms)
			SetupLoadedEditorAssemblies (441ms)
				LogAssemblyErrors (0ms)
				InitializePlatformSupportModulesInManaged (27ms)
				SetLoadedEditorAssemblies (8ms)
				RefreshPlugins (1ms)
				BeforeProcessingInitializeOnLoad (93ms)
				ProcessInitializeOnLoadAttributes (271ms)
				ProcessInitializeOnLoadMethodAttributes (38ms)
				AfterProcessingInitializeOnLoad (3ms)
				EditorAssembliesLoaded (0ms)
			ExecutionOrderSort2 (0ms)
			AwakeInstancesAfterBackupRestoration (10ms)
Platform modules already initialized, skipping
========================================================================
Worker process is ready to serve import requests
Launched and connected shader compiler UnityShaderCompiler.exe after 0.06 seconds
Refreshing native plugins compatible for Editor in 0.80 ms, found 3 plugins.
Preloading 0 native plugins for Editor in 0.00 ms.
Unloading 3401 Unused Serialized files (Serialized files now loaded: 0)
Unloading 26 unused Assets / (58.0 KB). Loaded Objects now: 3864.
Memory consumption went from 0.51 GB to 0.51 GB.
Total: 3.998900 ms (FindLiveObjects: 0.305500 ms CreateObjectMapping: 0.234800 ms MarkObjects: 3.367600 ms  DeleteObjects: 0.090000 ms)

AssetImportParameters requested are different than current active one (requested -> active):
  custom:video-decoder-ogg-theora: a1e56fd34408186e4bbccfd4996cb3dc -> 
  custom:container-muxer-webm: aa71ff27fc2769a1b78a27578f13a17b -> 
  custom:container-demuxer-webm: 4f35f7cbe854078d1ac9338744f61a02 -> 
  custom:video-encoder-webm-vp8: eb34c28f22e8b96e1ab97ce403110664 -> 
  custom:audio-encoder-webm-vorbis: bf7c407c2cedff20999df2af8eb42d56 -> 
  custom:framework-win-MediaFoundation: 216162199b28c13a410421893ffa2e32 -> 
  custom:container-demuxer-ogg: 62fdf1f143b41e24485cea50d1cbac27 -> 
  custom:video-decoder-webm-vp8: 9c59270c3fd7afecdb556c50c9e8de78 -> 
  custom:audio-decoder-ogg-vorbis: bf7c407c2cedff20999df2af8eb42d56 -> 
========================================================================
Received Import Request.
  Time since last request: 48058.677496 seconds.
  path: Assets/Scenes/SimpleRunner 2.unity
  artifactKey: Guid(e41843db4bad256489e3894fc704a841) Importer(815301076,1909f56bfc062723c751e8b465ee728b)
Start importing Assets/Scenes/SimpleRunner 2.unity using Guid(e41843db4bad256489e3894fc704a841) Importer(815301076,1909f56bfc062723c751e8b465ee728b)  -> (artifact id: '24454d9ac595c7d248b336c7a939e7bc') in 0.002886 seconds 
========================================================================
Received Import Request.
  Time since last request: 37.452452 seconds.
  path: Assets/New Scene.unity
  artifactKey: Guid(dafcdd8154720dd4b8fafa1b6cf9e4c7) Importer(815301076,1909f56bfc062723c751e8b465ee728b)
Start importing Assets/New Scene.unity using Guid(dafcdd8154720dd4b8fafa1b6cf9e4c7) Importer(815301076,1909f56bfc062723c751e8b465ee728b)  -> (artifact id: '2ab34fbdcab9a72495b0228dded92446') in 0.008445 seconds 
========================================================================
Received Import Request.
  Time since last request: 22.852275 seconds.
  path: Assets/Level001.unity
  artifactKey: Guid(79b8c22dafd7ac3448069f60b57b75a7) Importer(815301076,1909f56bfc062723c751e8b465ee728b)
Start importing Assets/Level001.unity using Guid(79b8c22dafd7ac3448069f60b57b75a7) Importer(815301076,1909f56bfc062723c751e8b465ee728b)  -> (artifact id: '7495c1d1742b6622c3075087e70c914c') in 0.008375 seconds 
========================================================================
Received Import Request.
  Time since last request: 1736.683246 seconds.
  path: Assets/Canvas.prefab
  artifactKey: Guid(1c380838750c6634b8f5e9aebc0eff1e) Importer(815301076,1909f56bfc062723c751e8b465ee728b)
Start importing Assets/Canvas.prefab using Guid(1c380838750c6634b8f5e9aebc0eff1e) Importer(815301076,1909f56bfc062723c751e8b465ee728b)  -> (artifact id: '5372150ff3edfeea9ac83e2ea35f821f') in 0.086824 seconds 
========================================================================
Received Import Request.
  Time since last request: 5.920933 seconds.
  path: Assets/Prefabs/END.prefab
  artifactKey: Guid(6b2bbdcf8c8c2f245a9359c102c64cf2) Importer(815301076,1909f56bfc062723c751e8b465ee728b)
Start importing Assets/Prefabs/END.prefab using Guid(6b2bbdcf8c8c2f245a9359c102c64cf2) Importer(815301076,1909f56bfc062723c751e8b465ee728b)  -> (artifact id: '49e9693876a87c3d59c8b95bd8280354') in 0.091769 seconds 
========================================================================
Received Import Request.
  Time since last request: 3.713821 seconds.
  path: Assets/Prefabs/Ground.prefab
  artifactKey: Guid(792f9c964e46dde44a70ac0d48292366) Importer(815301076,1909f56bfc062723c751e8b465ee728b)
Start importing Assets/Prefabs/Ground.prefab using Guid(792f9c964e46dde44a70ac0d48292366) Importer(815301076,1909f56bfc062723c751e8b465ee728b)  -> (artifact id: 'd5479de8d049a7a7dcdb9c1e25b26e30') in 0.037421 seconds 
========================================================================
Received Import Request.
  Time since last request: 1.383260 seconds.
  path: Assets/Prefabs/GameManager.prefab
  artifactKey: Guid(67e57ada37ae14e408f1d0f7174d254e) Importer(815301076,1909f56bfc062723c751e8b465ee728b)
Start importing Assets/Prefabs/GameManager.prefab using Guid(67e57ada37ae14e408f1d0f7174d254e) Importer(815301076,1909f56bfc062723c751e8b465ee728b)  -> (artifact id: '945367c32b3f1e25914c7334d3667360') in 0.028069 seconds 
========================================================================
Received Import Request.
  Time since last request: 1.344224 seconds.
  path: Assets/Prefabs/Main Camera.prefab
  artifactKey: Guid(90dc1764bd8205141be16b93d226b50c) Importer(815301076,1909f56bfc062723c751e8b465ee728b)
Start importing Assets/Prefabs/Main Camera.prefab using Guid(90dc1764bd8205141be16b93d226b50c) Importer(815301076,1909f56bfc062723c751e8b465ee728b)  -> (artifact id: '8bf8f86143d88c93a97ebf8830f1ccfd') in 0.009647 seconds 
========================================================================
Received Import Request.
  Time since last request: 20.601074 seconds.
  path: Assets/Level001 1.unity
  artifactKey: Guid(3761ca97bfafad345bd1b597c1465608) Importer(815301076,1909f56bfc062723c751e8b465ee728b)
Start importing Assets/Level001 1.unity using Guid(3761ca97bfafad345bd1b597c1465608) Importer(815301076,1909f56bfc062723c751e8b465ee728b)  -> (artifact id: '6112b91207394cf9a816fcf24560aef0') in 0.007991 seconds 
========================================================================
Received Import Request.
  Time since last request: 7.580475 seconds.
  path: Assets/Level002.unity
  artifactKey: Guid(3761ca97bfafad345bd1b597c1465608) Importer(815301076,1909f56bfc062723c751e8b465ee728b)
Start importing Assets/Level002.unity using Guid(3761ca97bfafad345bd1b597c1465608) Importer(815301076,1909f56bfc062723c751e8b465ee728b)  -> (artifact id: '5a6d959b6a11b16a75475fac149e835a') in 0.009401 seconds 
========================================================================
Received Import Request.
  Time since last request: 6.065331 seconds.
  path: Assets/Level002 1.unity
  artifactKey: Guid(4cd5fff1daf2deb43a130f05bfbb7cf0) Importer(815301076,1909f56bfc062723c751e8b465ee728b)
Start importing Assets/Level002 1.unity using Guid(4cd5fff1daf2deb43a130f05bfbb7cf0) Importer(815301076,1909f56bfc062723c751e8b465ee728b)  -> (artifact id: '8f3a7f73d561a2f3e52e864a600c858e') in 0.007686 seconds 
========================================================================
Received Import Request.
  Time since last request: 5.164660 seconds.
  path: Assets/Level00.unity
  artifactKey: Guid(4cd5fff1daf2deb43a130f05bfbb7cf0) Importer(815301076,1909f56bfc062723c751e8b465ee728b)
Start importing Assets/Level00.unity using Guid(4cd5fff1daf2deb43a130f05bfbb7cf0) Importer(815301076,1909f56bfc062723c751e8b465ee728b)  -> (artifact id: 'ce55611426c0be2ec45e2b858a96417d') in 0.008531 seconds 
========================================================================
Received Import Request.
  Time since last request: 11.771746 seconds.
  path: Assets/Level003.unity
  artifactKey: Guid(3761ca97bfafad345bd1b597c1465608) Importer(815301076,1909f56bfc062723c751e8b465ee728b)
Start importing Assets/Level003.unity using Guid(3761ca97bfafad345bd1b597c1465608) Importer(815301076,1909f56bfc062723c751e8b465ee728b)  -> (artifact id: '831de4fd26ccbff5b3db1c022bdddcac') in 0.008395 seconds 
========================================================================
Received Import Request.
  Time since last request: 104.095414 seconds.
  path: Assets/Level001.unity
  artifactKey: Guid(79b8c22dafd7ac3448069f60b57b75a7) Importer(815301076,1909f56bfc062723c751e8b465ee728b)
Start importing Assets/Level001.unity using Guid(79b8c22dafd7ac3448069f60b57b75a7) Importer(815301076,1909f56bfc062723c751e8b465ee728b)  -> (artifact id: '0c22faadb42c5970918ab247c1e9057b') in 0.002403 seconds 
========================================================================
Received Import Request.
  Time since last request: 26.260606 seconds.
  path: Assets/Level003.unity
  artifactKey: Guid(4cd5fff1daf2deb43a130f05bfbb7cf0) Importer(815301076,1909f56bfc062723c751e8b465ee728b)
Start importing Assets/Level003.unity using Guid(4cd5fff1daf2deb43a130f05bfbb7cf0) Importer(815301076,1909f56bfc062723c751e8b465ee728b)  -> (artifact id: 'd8ddafc2f617d8c58ef75bfdf6b756b9') in 0.002669 seconds 
========================================================================
Received Prepare
Registering precompiled user dll's ...
Registered in 0.006778 seconds.
Begin MonoManager ReloadAssembly
Symbol file LoadedFromMemory doesn't match image E:\Projeler\Simple Runner\Library\PackageCache\com.unity.visualscripting@1.7.8\Editor\VisualScripting.Core\Dependencies\YamlDotNet\Unity.VisualScripting.YamlDotNet.dll
Symbol file LoadedFromMemory doesn't match image E:\Projeler\Simple Runner\Library\PackageCache\com.unity.visualscripting@1.7.8\Editor\VisualScripting.Core\Dependencies\DotNetZip\Unity.VisualScripting.IonicZip.dll
Native extension for WindowsStandalone target not found
Native extension for iOS target not found
Native extension for Android target not found
Native extension for WebGL target not found
Refreshing native plugins compatible for Editor in 0.86 ms, found 3 plugins.
Preloading 0 native plugins for Editor in 0.00 ms.
Mono: successfully reloaded assembly
- Completed reload, in  1.760 seconds
Domain Reload Profiling:
	ReloadAssembly (1760ms)
		BeginReloadAssembly (174ms)
			ExecutionOrderSort (0ms)
			DisableScriptedObjects (6ms)
			BackupInstance (0ms)
			ReleaseScriptingObjects (0ms)
			CreateAndSetChildDomain (56ms)
		EndReloadAssembly (1463ms)
			LoadAssemblies (109ms)
			RebuildTransferFunctionScriptingTraits (0ms)
			SetupTypeCache (540ms)
				TypeCache.Initialize (532ms)
					TypeCache.ScanAssembly (524ms)
				ResolveRequiredComponents (8ms)
			ReleaseScriptCaches (2ms)
			RebuildScriptCaches (78ms)
			SetupLoadedEditorAssemblies (623ms)
				LogAssemblyErrors (0ms)
				InitializePlatformSupportModulesInManaged (63ms)
				SetLoadedEditorAssemblies (12ms)
				RefreshPlugins (1ms)
				BeforeProcessingInitializeOnLoad (100ms)
				ProcessInitializeOnLoadAttributes (388ms)
				ProcessInitializeOnLoadMethodAttributes (53ms)
				AfterProcessingInitializeOnLoad (5ms)
				EditorAssembliesLoaded (0ms)
			ExecutionOrderSort2 (0ms)
			AwakeInstancesAfterBackupRestoration (13ms)
Platform modules already initialized, skipping
Refreshing native plugins compatible for Editor in 2.15 ms, found 3 plugins.
Preloading 0 native plugins for Editor in 0.00 ms.
Unloading 3394 Unused Serialized files (Serialized files now loaded: 0)
Unloading 18 unused Assets / (24.6 KB). Loaded Objects now: 3877.
Memory consumption went from 0.51 GB to 0.51 GB.
Total: 4.844100 ms (FindLiveObjects: 0.300500 ms CreateObjectMapping: 0.328000 ms MarkObjects: 4.185600 ms  DeleteObjects: 0.028700 ms)

AssetImportParameters requested are different than current active one (requested -> active):
  custom:video-decoder-ogg-theora: a1e56fd34408186e4bbccfd4996cb3dc -> 
  custom:container-muxer-webm: aa71ff27fc2769a1b78a27578f13a17b -> 
  custom:container-demuxer-webm: 4f35f7cbe854078d1ac9338744f61a02 -> 
  custom:video-encoder-webm-vp8: eb34c28f22e8b96e1ab97ce403110664 -> 
  custom:audio-encoder-webm-vorbis: bf7c407c2cedff20999df2af8eb42d56 -> 
  custom:framework-win-MediaFoundation: 216162199b28c13a410421893ffa2e32 -> 
  custom:container-demuxer-ogg: 62fdf1f143b41e24485cea50d1cbac27 -> 
  custom:video-decoder-webm-vp8: 9c59270c3fd7afecdb556c50c9e8de78 -> 
  custom:audio-decoder-ogg-vorbis: bf7c407c2cedff20999df2af8eb42d56 -> 
========================================================================
Received Prepare
Registering precompiled user dll's ...
Registered in 0.005275 seconds.
Begin MonoManager ReloadAssembly
Symbol file LoadedFromMemory doesn't match image E:\Projeler\Simple Runner\Library\PackageCache\com.unity.visualscripting@1.7.8\Editor\VisualScripting.Core\Dependencies\YamlDotNet\Unity.VisualScripting.YamlDotNet.dll
Symbol file LoadedFromMemory doesn't match image E:\Projeler\Simple Runner\Library\PackageCache\com.unity.visualscripting@1.7.8\Editor\VisualScripting.Core\Dependencies\DotNetZip\Unity.VisualScripting.IonicZip.dll
Native extension for WindowsStandalone target not found
Native extension for iOS target not found
Native extension for Android target not found
Native extension for WebGL target not found
Refreshing native plugins compatible for Editor in 0.86 ms, found 3 plugins.
Preloading 0 native plugins for Editor in 0.00 ms.
Mono: successfully reloaded assembly
- Completed reload, in  1.764 seconds
Domain Reload Profiling:
	ReloadAssembly (1765ms)
		BeginReloadAssembly (156ms)
			ExecutionOrderSort (0ms)
			DisableScriptedObjects (7ms)
			BackupInstance (0ms)
			ReleaseScriptingObjects (0ms)
			CreateAndSetChildDomain (46ms)
		EndReloadAssembly (1485ms)
			LoadAssemblies (104ms)
			RebuildTransferFunctionScriptingTraits (0ms)
			SetupTypeCache (525ms)
				TypeCache.Initialize (517ms)
					TypeCache.ScanAssembly (509ms)
				ResolveRequiredComponents (8ms)
			ReleaseScriptCaches (2ms)
			RebuildScriptCaches (78ms)
			SetupLoadedEditorAssemblies (623ms)
				LogAssemblyErrors (0ms)
				InitializePlatformSupportModulesInManaged (58ms)
				SetLoadedEditorAssemblies (13ms)
				RefreshPlugins (1ms)
				BeforeProcessingInitializeOnLoad (102ms)
				ProcessInitializeOnLoadAttributes (391ms)
				ProcessInitializeOnLoadMethodAttributes (51ms)
				AfterProcessingInitializeOnLoad (5ms)
				EditorAssembliesLoaded (0ms)
			ExecutionOrderSort2 (0ms)
			AwakeInstancesAfterBackupRestoration (13ms)
Platform modules already initialized, skipping
Refreshing native plugins compatible for Editor in 2.29 ms, found 3 plugins.
Preloading 0 native plugins for Editor in 0.00 ms.
Unloading 3394 Unused Serialized files (Serialized files now loaded: 0)
Unloading 18 unused Assets / (24.6 KB). Loaded Objects now: 3880.
Memory consumption went from 0.51 GB to 0.51 GB.
Total: 4.455900 ms (FindLiveObjects: 0.480400 ms CreateObjectMapping: 0.329100 ms MarkObjects: 3.616600 ms  DeleteObjects: 0.028400 ms)

AssetImportParameters requested are different than current active one (requested -> active):
  custom:video-decoder-ogg-theora: a1e56fd34408186e4bbccfd4996cb3dc -> 
  custom:container-muxer-webm: aa71ff27fc2769a1b78a27578f13a17b -> 
  custom:container-demuxer-webm: 4f35f7cbe854078d1ac9338744f61a02 -> 
  custom:video-encoder-webm-vp8: eb34c28f22e8b96e1ab97ce403110664 -> 
  custom:audio-encoder-webm-vorbis: bf7c407c2cedff20999df2af8eb42d56 -> 
  custom:framework-win-MediaFoundation: 216162199b28c13a410421893ffa2e32 -> 
  custom:container-demuxer-ogg: 62fdf1f143b41e24485cea50d1cbac27 -> 
  custom:video-decoder-webm-vp8: 9c59270c3fd7afecdb556c50c9e8de78 -> 
  custom:audio-decoder-ogg-vorbis: bf7c407c2cedff20999df2af8eb42d56 -> 
